<?xml version="1.0" encoding="UTF-8"?>
<!-- Generated by org.testng.reporters.JUnitReportReporter -->
<testsuite hostname="MohammadFayaz" failures="0" tests="1" name="testCases.TC002_LoginClass" time="2.475" errors="0" timestamp="2024-08-31T20:56:54 IST" skipped="0">
  <testcase classname="testCases.TC002_LoginClass" name="Logintest" time="2.475"/>
</testsuite> <!-- testCases.TC002_LoginClass -->
