<?xml version="1.0" encoding="UTF-8"?>
<!-- Generated by org.testng.reporters.JUnitReportReporter -->
<testsuite hostname="MohammadFayaz" failures="0" tests="1" name="testCases.TC001_AccountRegistration" time="4.304" errors="0" timestamp="2024-08-31T20:56:54 IST" skipped="0">
  <testcase classname="testCases.TC001_AccountRegistration" name="Account_Registration" time="4.304"/>
</testsuite> <!-- testCases.TC001_AccountRegistration -->
