<?xml version="1.0" encoding="UTF-8"?>
<!-- Generated by org.testng.reporters.JUnitReportReporter -->
<testsuite hostname="MohammadFayaz" failures="0" tests="1" name="testCases.TC001_AccountRegistration" time="3.639" errors="0" timestamp="2024-08-31T21:22:20 IST" skipped="0">
  <testcase classname="testCases.TC001_AccountRegistration" name="Account_Registration" time="3.639"/>
</testsuite> <!-- testCases.TC001_AccountRegistration -->
